{"/home/yisroel/packages/roving-reporter-all/roving-reporter/src/index.ts": {"path":"/home/yisroel/packages/roving-reporter-all/roving-reporter/src/index.ts","statementMap":{"0":{"start":{"line":3,"column":0},"end":{"line":3,"column":79}},"1":{"start":{"line":10,"column":0},"end":{"line":10,"column":null}}},"fnMap":{},"branchMap":{},"s":{"0":1,"1":1},"f":{},"b":{}}
,"/home/yisroel/packages/roving-reporter-all/roving-reporter/src/custom/specs/types.ts": {"path":"/home/yisroel/packages/roving-reporter-all/roving-reporter/src/custom/specs/types.ts","statementMap":{"0":{"start":{"line":1,"column":13},"end":{"line":7,"column":null}},"1":{"start":{"line":9,"column":13},"end":{"line":9,"column":null}},"2":{"start":{"line":10,"column":13},"end":{"line":10,"column":null}},"3":{"start":{"line":11,"column":13},"end":{"line":11,"column":null}},"4":{"start":{"line":12,"column":13},"end":{"line":12,"column":null}},"5":{"start":{"line":13,"column":13},"end":{"line":13,"column":null}},"6":{"start":{"line":14,"column":13},"end":{"line":14,"column":null}}},"fnMap":{},"branchMap":{},"s":{"0":3,"1":3,"2":3,"3":3,"4":3,"5":3,"6":3},"f":{},"b":{}}
,"/home/yisroel/packages/roving-reporter-all/roving-reporter/src/custom/specs/editSpecs/askForValue.ts": {"path":"/home/yisroel/packages/roving-reporter-all/roving-reporter/src/custom/specs/editSpecs/askForValue.ts","statementMap":{"0":{"start":{"line":1,"column":0},"end":{"line":1,"column":57}},"1":{"start":{"line":3,"column":20},"end":{"line":3,"column":67}},"2":{"start":{"line":11,"column":15},"end":{"line":11,"column":27}},"3":{"start":{"line":12,"column":49},"end":{"line":12,"column":61}},"4":{"start":{"line":13,"column":24},"end":{"line":13,"column":64}},"5":{"start":{"line":14,"column":24},"end":{"line":14,"column":74}},"6":{"start":{"line":15,"column":2},"end":{"line":15,"column":null}},"7":{"start":{"line":15,"column":16},"end":{"line":15,"column":null}},"8":{"start":{"line":16,"column":2},"end":{"line":23,"column":null}},"9":{"start":{"line":17,"column":4},"end":{"line":22,"column":null}},"10":{"start":{"line":24,"column":2},"end":{"line":32,"column":null}},"11":{"start":{"line":25,"column":4},"end":{"line":31,"column":null}},"12":{"start":{"line":34,"column":28},"end":{"line":39,"column":null}},"13":{"start":{"line":41,"column":2},"end":{"line":47,"column":null}},"14":{"start":{"line":42,"column":4},"end":{"line":47,"column":null}},"15":{"start":{"line":43,"column":6},"end":{"line":45,"column":null}},"16":{"start":{"line":44,"column":8},"end":{"line":44,"column":null}},"17":{"start":{"line":46,"column":6},"end":{"line":46,"column":null}},"18":{"start":{"line":48,"column":2},"end":{"line":48,"column":null}},"19":{"start":{"line":5,"column":0},"end":{"line":5,"column":16}}},"fnMap":{"0":{"name":"askForValue","decl":{"start":{"line":5,"column":16},"end":{"line":5,"column":27}},"loc":{"start":{"line":9,"column":22},"end":{"line":49,"column":1}}},"1":{"name":"(anonymous_1)","decl":{"start":{"line":42,"column":28},"end":{"line":42,"column":38}},"loc":{"start":{"line":42,"column":48},"end":{"line":47,"column":5}}}},"branchMap":{"0":{"loc":{"start":{"line":13,"column":24},"end":{"line":13,"column":40}},"type":"binary-expr","locations":[{"start":{"line":13,"column":24},"end":{"line":13,"column":40}},{"start":{"line":13,"column":44},"end":{"line":13,"column":64}}]},"1":{"loc":{"start":{"line":15,"column":2},"end":{"line":15,"column":null}},"type":"if","locations":[{"start":{"line":15,"column":2},"end":{"line":15,"column":null}},{"start":{"line":15,"column":2},"end":{"line":15,"column":null}}]},"2":{"loc":{"start":{"line":16,"column":2},"end":{"line":23,"column":null}},"type":"if","locations":[{"start":{"line":16,"column":2},"end":{"line":23,"column":null}},{"start":{"line":16,"column":2},"end":{"line":23,"column":null}}]},"3":{"loc":{"start":{"line":24,"column":2},"end":{"line":32,"column":null}},"type":"if","locations":[{"start":{"line":24,"column":2},"end":{"line":32,"column":null}},{"start":{"line":24,"column":2},"end":{"line":32,"column":null}}]},"4":{"loc":{"start":{"line":41,"column":2},"end":{"line":47,"column":null}},"type":"if","locations":[{"start":{"line":41,"column":2},"end":{"line":47,"column":null}},{"start":{"line":41,"column":2},"end":{"line":47,"column":null}}]},"5":{"loc":{"start":{"line":43,"column":6},"end":{"line":45,"column":null}},"type":"if","locations":[{"start":{"line":43,"column":6},"end":{"line":45,"column":null}},{"start":{"line":43,"column":6},"end":{"line":45,"column":null}}]}},"s":{"0":4,"1":4,"2":9,"3":9,"4":9,"5":9,"6":9,"7":3,"8":9,"9":2,"10":7,"11":1,"12":6,"13":6,"14":2,"15":3,"16":2,"17":1,"18":6,"19":4},"f":{"0":9,"1":3},"b":{"0":[9,9],"1":[3,6],"2":[2,7],"3":[1,6],"4":[2,4],"5":[2,1]}}
,"/home/yisroel/packages/roving-reporter-all/roving-reporter/src/custom/specs/editSpecs/extendedDescription.ts": {"path":"/home/yisroel/packages/roving-reporter-all/roving-reporter/src/custom/specs/editSpecs/extendedDescription.ts","statementMap":{"0":{"start":{"line":1,"column":22},"end":{"line":1,"column":69}},"1":{"start":{"line":3,"column":35},"end":{"line":6,"column":1}},"2":{"start":{"line":4,"column":2},"end":{"line":4,"column":null}},"3":{"start":{"line":4,"column":48},"end":{"line":4,"column":null}},"4":{"start":{"line":5,"column":2},"end":{"line":5,"column":null}},"5":{"start":{"line":3,"column":13},"end":{"line":3,"column":35}}},"fnMap":{"0":{"name":"(anonymous_0)","decl":{"start":{"line":3,"column":35},"end":{"line":3,"column":36}},"loc":{"start":{"line":3,"column":83},"end":{"line":6,"column":1}}}},"branchMap":{"0":{"loc":{"start":{"line":4,"column":2},"end":{"line":4,"column":null}},"type":"if","locations":[{"start":{"line":4,"column":2},"end":{"line":4,"column":null}},{"start":{"line":4,"column":2},"end":{"line":4,"column":null}}]},"1":{"loc":{"start":{"line":4,"column":6},"end":{"line":4,"column":18}},"type":"binary-expr","locations":[{"start":{"line":4,"column":6},"end":{"line":4,"column":18}},{"start":{"line":4,"column":22},"end":{"line":4,"column":46}}]}},"s":{"0":4,"1":4,"2":9,"3":5,"4":4,"5":4},"f":{"0":9},"b":{"0":[5,4],"1":[9,4]}}
,"/home/yisroel/packages/roving-reporter-all/roving-reporter/src/custom/specs/editSpecs/simpleValueEdit.ts": {"path":"/home/yisroel/packages/roving-reporter-all/roving-reporter/src/custom/specs/editSpecs/simpleValueEdit.ts","statementMap":{"0":{"start":{"line":2,"column":2},"end":{"line":4,"column":null}},"1":{"start":{"line":3,"column":4},"end":{"line":3,"column":null}},"2":{"start":{"line":6,"column":2},"end":{"line":8,"column":null}},"3":{"start":{"line":7,"column":4},"end":{"line":7,"column":null}},"4":{"start":{"line":10,"column":2},"end":{"line":12,"column":null}},"5":{"start":{"line":11,"column":4},"end":{"line":11,"column":null}},"6":{"start":{"line":14,"column":2},"end":{"line":14,"column":null}},"7":{"start":{"line":19,"column":22},"end":{"line":19,"column":34}},"8":{"start":{"line":21,"column":2},"end":{"line":24,"column":null}},"9":{"start":{"line":23,"column":4},"end":{"line":23,"column":null}},"10":{"start":{"line":26,"column":2},"end":{"line":28,"column":null}},"11":{"start":{"line":27,"column":4},"end":{"line":27,"column":null}},"12":{"start":{"line":30,"column":2},"end":{"line":30,"column":null}},"13":{"start":{"line":30,"column":20},"end":{"line":30,"column":null}},"14":{"start":{"line":32,"column":2},"end":{"line":32,"column":null}},"15":{"start":{"line":17,"column":0},"end":{"line":17,"column":16}}},"fnMap":{"0":{"name":"convertBoolean","decl":{"start":{"line":1,"column":9},"end":{"line":1,"column":23}},"loc":{"start":{"line":1,"column":34},"end":{"line":15,"column":1}}},"1":{"name":"simpleValueEdit","decl":{"start":{"line":17,"column":16},"end":{"line":17,"column":31}},"loc":{"start":{"line":17,"column":56},"end":{"line":33,"column":1}}}},"branchMap":{"0":{"loc":{"start":{"line":2,"column":2},"end":{"line":4,"column":null}},"type":"if","locations":[{"start":{"line":2,"column":2},"end":{"line":4,"column":null}},{"start":{"line":2,"column":2},"end":{"line":4,"column":null}}]},"1":{"loc":{"start":{"line":6,"column":2},"end":{"line":8,"column":null}},"type":"if","locations":[{"start":{"line":6,"column":2},"end":{"line":8,"column":null}},{"start":{"line":6,"column":2},"end":{"line":8,"column":null}}]},"2":{"loc":{"start":{"line":10,"column":2},"end":{"line":12,"column":null}},"type":"if","locations":[{"start":{"line":10,"column":2},"end":{"line":12,"column":null}},{"start":{"line":10,"column":2},"end":{"line":12,"column":null}}]},"3":{"loc":{"start":{"line":10,"column":6},"end":{"line":10,"column":20}},"type":"binary-expr","locations":[{"start":{"line":10,"column":6},"end":{"line":10,"column":20}},{"start":{"line":10,"column":24},"end":{"line":10,"column":39}}]},"4":{"loc":{"start":{"line":21,"column":2},"end":{"line":24,"column":null}},"type":"if","locations":[{"start":{"line":21,"column":2},"end":{"line":24,"column":null}},{"start":{"line":21,"column":2},"end":{"line":24,"column":null}}]},"5":{"loc":{"start":{"line":21,"column":6},"end":{"line":21,"column":24}},"type":"binary-expr","locations":[{"start":{"line":21,"column":6},"end":{"line":21,"column":24}},{"start":{"line":22,"column":5},"end":{"line":22,"column":19}},{"start":{"line":22,"column":23},"end":{"line":22,"column":48}}]},"6":{"loc":{"start":{"line":26,"column":2},"end":{"line":28,"column":null}},"type":"if","locations":[{"start":{"line":26,"column":2},"end":{"line":28,"column":null}},{"start":{"line":26,"column":2},"end":{"line":28,"column":null}}]},"7":{"loc":{"start":{"line":30,"column":2},"end":{"line":30,"column":null}},"type":"if","locations":[{"start":{"line":30,"column":2},"end":{"line":30,"column":null}},{"start":{"line":30,"column":2},"end":{"line":30,"column":null}}]}},"s":{"0":6,"1":1,"2":5,"3":1,"4":4,"5":1,"6":3,"7":13,"8":13,"9":6,"10":7,"11":1,"12":6,"13":1,"14":5,"15":4},"f":{"0":6,"1":13},"b":{"0":[1,5],"1":[1,4],"2":[1,3],"3":[4,2],"4":[6,7],"5":[13,8,1],"6":[1,6],"7":[1,5]}}
,"/home/yisroel/packages/roving-reporter-all/roving-reporter/src/custom/specs/specCreation/askQuestion.ts": {"path":"/home/yisroel/packages/roving-reporter-all/roving-reporter/src/custom/specs/specCreation/askQuestion.ts","statementMap":{"0":{"start":{"line":1,"column":0},"end":{"line":1,"column":52}},"1":{"start":{"line":2,"column":0},"end":{"line":2,"column":73}},"2":{"start":{"line":4,"column":17},"end":{"line":4,"column":36}},"3":{"start":{"line":12,"column":23},"end":{"line":13,"column":null}},"4":{"start":{"line":15,"column":20},"end":{"line":22,"column":null}},"5":{"start":{"line":24,"column":23},"end":{"line":24,"column":55}},"6":{"start":{"line":25,"column":2},"end":{"line":25,"column":null}},"7":{"start":{"line":26,"column":2},"end":{"line":26,"column":null}},"8":{"start":{"line":6,"column":0},"end":{"line":6,"column":7}}},"fnMap":{"0":{"name":"askQuestion","decl":{"start":{"line":6,"column":22},"end":{"line":6,"column":33}},"loc":{"start":{"line":10,"column":19},"end":{"line":27,"column":1}}}},"branchMap":{"0":{"loc":{"start":{"line":10,"column":17},"end":{"line":10,"column":19}},"type":"default-arg","locations":[{"start":{"line":10,"column":17},"end":{"line":10,"column":19}}]}},"s":{"0":4,"1":4,"2":4,"3":9,"4":9,"5":9,"6":9,"7":9,"8":4},"f":{"0":9},"b":{"0":[1]}}
,"/home/yisroel/packages/roving-reporter-all/roving-reporter/src/custom/specs/specCreation/createSpecElement.ts": {"path":"/home/yisroel/packages/roving-reporter-all/roving-reporter/src/custom/specs/specCreation/createSpecElement.ts","statementMap":{"0":{"start":{"line":1,"column":0},"end":{"line":1,"column":30}},"1":{"start":{"line":2,"column":0},"end":{"line":2,"column":60}},"2":{"start":{"line":3,"column":0},"end":{"line":3,"column":41}},"3":{"start":{"line":6,"column":2},"end":{"line":6,"column":null}},"4":{"start":{"line":6,"column":29},"end":{"line":6,"column":null}},"5":{"start":{"line":7,"column":19},"end":{"line":7,"column":52}},"6":{"start":{"line":8,"column":21},"end":{"line":8,"column":23}},"7":{"start":{"line":10,"column":2},"end":{"line":21,"column":null}},"8":{"start":{"line":11,"column":20},"end":{"line":11,"column":31}},"9":{"start":{"line":12,"column":24},"end":{"line":12,"column":53}},"10":{"start":{"line":13,"column":19},"end":{"line":13,"column":30}},"11":{"start":{"line":14,"column":4},"end":{"line":20,"column":null}},"12":{"start":{"line":17,"column":6},"end":{"line":19,"column":null}},"13":{"start":{"line":23,"column":2},"end":{"line":25,"column":null}},"14":{"start":{"line":24,"column":4},"end":{"line":24,"column":null}},"15":{"start":{"line":24,"column":29},"end":{"line":24,"column":null}},"16":{"start":{"line":27,"column":2},"end":{"line":36,"column":null}},"17":{"start":{"line":28,"column":24},"end":{"line":28,"column":53}},"18":{"start":{"line":29,"column":17},"end":{"line":29,"column":33}},"19":{"start":{"line":30,"column":4},"end":{"line":33,"column":null}},"20":{"start":{"line":31,"column":6},"end":{"line":31,"column":null}},"21":{"start":{"line":32,"column":6},"end":{"line":32,"column":12}},"22":{"start":{"line":35,"column":4},"end":{"line":35,"column":null}},"23":{"start":{"line":38,"column":2},"end":{"line":38,"column":null}},"24":{"start":{"line":5,"column":0},"end":{"line":5,"column":7}}},"fnMap":{"0":{"name":"createSpecElement","decl":{"start":{"line":5,"column":22},"end":{"line":5,"column":39}},"loc":{"start":{"line":5,"column":84},"end":{"line":39,"column":1}}},"1":{"name":"(anonymous_1)","decl":{"start":{"line":23,"column":31},"end":{"line":23,"column":34}},"loc":{"start":{"line":23,"column":37},"end":{"line":25,"column":3}}},"2":{"name":"(anonymous_2)","decl":{"start":{"line":27,"column":15},"end":{"line":27,"column":16}},"loc":{"start":{"line":27,"column":35},"end":{"line":36,"column":3}}}},"branchMap":{"0":{"loc":{"start":{"line":5,"column":82},"end":{"line":5,"column":84}},"type":"default-arg","locations":[{"start":{"line":5,"column":82},"end":{"line":5,"column":84}}]},"1":{"loc":{"start":{"line":6,"column":2},"end":{"line":6,"column":null}},"type":"if","locations":[{"start":{"line":6,"column":2},"end":{"line":6,"column":null}},{"start":{"line":6,"column":2},"end":{"line":6,"column":null}}]},"2":{"loc":{"start":{"line":14,"column":4},"end":{"line":20,"column":null}},"type":"if","locations":[{"start":{"line":14,"column":4},"end":{"line":20,"column":null}},{"start":{"line":14,"column":4},"end":{"line":20,"column":null}}]},"3":{"loc":{"start":{"line":14,"column":8},"end":{"line":14,"column":26}},"type":"binary-expr","locations":[{"start":{"line":14,"column":8},"end":{"line":14,"column":26}},{"start":{"line":14,"column":30},"end":{"line":14,"column":49}}]},"4":{"loc":{"start":{"line":24,"column":4},"end":{"line":24,"column":null}},"type":"if","locations":[{"start":{"line":24,"column":4},"end":{"line":24,"column":null}},{"start":{"line":24,"column":4},"end":{"line":24,"column":null}}]},"5":{"loc":{"start":{"line":30,"column":4},"end":{"line":33,"column":null}},"type":"if","locations":[{"start":{"line":30,"column":4},"end":{"line":33,"column":null}},{"start":{"line":30,"column":4},"end":{"line":33,"column":null}}]},"6":{"loc":{"start":{"line":30,"column":8},"end":{"line":30,"column":31}},"type":"binary-expr","locations":[{"start":{"line":30,"column":8},"end":{"line":30,"column":31}},{"start":{"line":30,"column":35},"end":{"line":30,"column":65}}]}},"s":{"0":3,"1":3,"2":3,"3":3,"4":1,"5":2,"6":2,"7":2,"8":9,"9":9,"10":9,"11":9,"12":8,"13":2,"14":8,"15":1,"16":2,"17":9,"18":9,"19":9,"20":2,"21":2,"22":7,"23":2,"24":3},"f":{"0":3,"1":8,"2":9},"b":{"0":[2],"1":[1,2],"2":[8,1],"3":[9,9],"4":[1,7],"5":[2,7],"6":[9,9]}}
,"/home/yisroel/packages/roving-reporter-all/roving-reporter/src/custom/specs/specCreation/replaceGlobalValuesInObject.ts": {"path":"/home/yisroel/packages/roving-reporter-all/roving-reporter/src/custom/specs/specCreation/replaceGlobalValuesInObject.ts","statementMap":{"0":{"start":{"line":1,"column":33},"end":{"line":1,"column":97}},"1":{"start":{"line":3,"column":25},"end":{"line":3,"column":64}},"2":{"start":{"line":4,"column":22},"end":{"line":9,"column":null}},"3":{"start":{"line":13,"column":2},"end":{"line":13,"column":null}},"4":{"start":{"line":13,"column":22},"end":{"line":13,"column":null}},"5":{"start":{"line":14,"column":2},"end":{"line":14,"column":null}},"6":{"start":{"line":14,"column":23},"end":{"line":14,"column":null}},"7":{"start":{"line":15,"column":2},"end":{"line":15,"column":null}},"8":{"start":{"line":21,"column":19},"end":{"line":28,"column":4}},"9":{"start":{"line":26,"column":4},"end":{"line":26,"column":null}},"10":{"start":{"line":26,"column":46},"end":{"line":26,"column":null}},"11":{"start":{"line":27,"column":4},"end":{"line":27,"column":null}},"12":{"start":{"line":27,"column":46},"end":{"line":27,"column":null}},"13":{"start":{"line":30,"column":2},"end":{"line":30,"column":null}},"14":{"start":{"line":36,"column":15},"end":{"line":36,"column":37}},"15":{"start":{"line":37,"column":17},"end":{"line":37,"column":34}},"16":{"start":{"line":39,"column":2},"end":{"line":47,"column":null}},"17":{"start":{"line":40,"column":18},"end":{"line":40,"column":32}},"18":{"start":{"line":41,"column":4},"end":{"line":41,"column":43}},"19":{"start":{"line":41,"column":37},"end":{"line":41,"column":43}},"20":{"start":{"line":43,"column":4},"end":{"line":45,"column":null}},"21":{"start":{"line":46,"column":4},"end":{"line":46,"column":null}},"22":{"start":{"line":46,"column":34},"end":{"line":46,"column":null}},"23":{"start":{"line":49,"column":2},"end":{"line":49,"column":null}},"24":{"start":{"line":33,"column":0},"end":{"line":33,"column":16}}},"fnMap":{"0":{"name":"fixBooleans","decl":{"start":{"line":11,"column":9},"end":{"line":11,"column":20}},"loc":{"start":{"line":11,"column":32},"end":{"line":16,"column":1}}},"1":{"name":"replaceGlobalObjectValues","decl":{"start":{"line":18,"column":9},"end":{"line":18,"column":34}},"loc":{"start":{"line":19,"column":40},"end":{"line":31,"column":1}}},"2":{"name":"(anonymous_2)","decl":{"start":{"line":21,"column":51},"end":{"line":21,"column":null}},"loc":{"start":{"line":24,"column":15},"end":{"line":28,"column":3}}},"3":{"name":"replaceGlobalValuesInObject","decl":{"start":{"line":33,"column":16},"end":{"line":33,"column":43}},"loc":{"start":{"line":34,"column":49},"end":{"line":50,"column":1}}},"4":{"name":"(anonymous_4)","decl":{"start":{"line":39,"column":11},"end":{"line":39,"column":12}},"loc":{"start":{"line":39,"column":27},"end":{"line":47,"column":3}}}},"branchMap":{"0":{"loc":{"start":{"line":13,"column":2},"end":{"line":13,"column":null}},"type":"if","locations":[{"start":{"line":13,"column":2},"end":{"line":13,"column":null}},{"start":{"line":13,"column":2},"end":{"line":13,"column":null}}]},"1":{"loc":{"start":{"line":14,"column":2},"end":{"line":14,"column":null}},"type":"if","locations":[{"start":{"line":14,"column":2},"end":{"line":14,"column":null}},{"start":{"line":14,"column":2},"end":{"line":14,"column":null}}]},"2":{"loc":{"start":{"line":26,"column":4},"end":{"line":26,"column":null}},"type":"if","locations":[{"start":{"line":26,"column":4},"end":{"line":26,"column":null}},{"start":{"line":26,"column":4},"end":{"line":26,"column":null}}]},"3":{"loc":{"start":{"line":27,"column":4},"end":{"line":27,"column":null}},"type":"if","locations":[{"start":{"line":27,"column":4},"end":{"line":27,"column":null}},{"start":{"line":27,"column":4},"end":{"line":27,"column":null}}]},"4":{"loc":{"start":{"line":34,"column":47},"end":{"line":34,"column":49}},"type":"default-arg","locations":[{"start":{"line":34,"column":47},"end":{"line":34,"column":49}}]},"5":{"loc":{"start":{"line":41,"column":4},"end":{"line":41,"column":43}},"type":"if","locations":[{"start":{"line":41,"column":4},"end":{"line":41,"column":43}},{"start":{"line":41,"column":4},"end":{"line":41,"column":43}}]},"6":{"loc":{"start":{"line":46,"column":4},"end":{"line":46,"column":null}},"type":"if","locations":[{"start":{"line":46,"column":4},"end":{"line":46,"column":null}},{"start":{"line":46,"column":4},"end":{"line":46,"column":null}}]}},"s":{"0":5,"1":5,"2":5,"3":7,"4":1,"5":6,"6":1,"7":5,"8":20,"9":7,"10":2,"11":5,"12":4,"13":20,"14":11,"15":11,"16":11,"17":25,"18":25,"19":5,"20":20,"21":20,"22":7,"23":11,"24":5},"f":{"0":7,"1":20,"2":7,"3":11,"4":25},"b":{"0":[1,6],"1":[1,5],"2":[2,5],"3":[4,1],"4":[2],"5":[5,20],"6":[7,13]}}
}
